This is pdfTeX, Version 3.14159265-2.6-1.40.21 (MiKTeX 2.9.7300 64-bit) (preloaded format=pdflatex 2020.2.23)  5 APR 2020 18:30
entering extended mode
**./main.tex
(main.tex
LaTeX2e <2020-02-02> patch level 3
L3 programming layer <2020-02-21>
("C:\Program Files\MiKTeX 2.9\tex/latex/base\article.cls"
Document Class: article 2019/12/20 v1.4l Standard LaTeX document class
("C:\Program Files\MiKTeX 2.9\tex/latex/base\size10.clo"
File: size10.clo 2019/12/20 v1.4l Standard LaTeX file (size option)
)
\c@part=\count167
\c@section=\count168
\c@subsection=\count169
\c@subsubsection=\count170
\c@paragraph=\count171
\c@subparagraph=\count172
\c@figure=\count173
\c@table=\count174
\abovecaptionskip=\skip47
\belowcaptionskip=\skip48
\bibindent=\dimen134
)
! Undefined control sequence.
<recently read> \SectionNumbersOn 
                                  
l.2 \SectionNumbersOn
                     
The control sequence at the end of the top line
of your error message was never \def'ed. If you have
misspelled it (e.g., `\hobx'), type `I' and the correct
spelling (e.g., `I\hbox'). Otherwise just continue,
and I'll forget about whatever was undefined.

("C:\Program Files\MiKTeX 2.9\tex/latex/was\gensymb.sty"
Package: gensymb 2003/07/02 v1.0 (WaS)
)
("C:\Program Files\MiKTeX 2.9\tex/latex/float\float.sty"
Package: float 2001/11/08 v1.3d Float enhancements (AL)
\c@float@type=\count175
\float@exts=\toks14
\float@box=\box45
\@float@everytoks=\toks15
\@floatcapt=\box46
)
("C:\Program Files\MiKTeX 2.9\tex/latex/booktabs\booktabs.sty"
Package: booktabs 2020/01/12 v1.61803398 Publication quality tables
\heavyrulewidth=\dimen135
\lightrulewidth=\dimen136
\cmidrulewidth=\dimen137
\belowrulesep=\dimen138
\belowbottomsep=\dimen139
\aboverulesep=\dimen140
\abovetopsep=\dimen141
\cmidrulesep=\dimen142
\cmidrulekern=\dimen143
\defaultaddspace=\dimen144
\@cmidla=\count176
\@cmidlb=\count177
\@aboverulesep=\dimen145
\@belowrulesep=\dimen146
\@thisruleclass=\count178
\@lastruleclass=\count179
\@thisrulewidth=\dimen147
)
("C:\Program Files\MiKTeX 2.9\tex/latex/multirow\multirow.sty"
Package: multirow 2019/05/31 v2.5 Span multiple rows of a table
\multirow@colwidth=\skip49
\multirow@cntb=\count180
\multirow@dima=\skip50
\bigstrutjot=\dimen148
)
("C:\Program Files\MiKTeX 2.9\tex/latex/amsmath\amsmath.sty"
Package: amsmath 2020/01/20 v2.17e AMS math features
\@mathmargin=\skip51

For additional information on amsmath, use the `?' option.
("C:\Program Files\MiKTeX 2.9\tex/latex/amsmath\amstext.sty"
Package: amstext 2000/06/29 v2.01 AMS text

("C:\Program Files\MiKTeX 2.9\tex/latex/amsmath\amsgen.sty"
File: amsgen.sty 1999/11/30 v2.0 generic functions
\@emptytoks=\toks16
\ex@=\dimen149
))
("C:\Program Files\MiKTeX 2.9\tex/latex/amsmath\amsbsy.sty"
Package: amsbsy 1999/11/29 v1.2d Bold Symbols
\pmbraise@=\dimen150
)
("C:\Program Files\MiKTeX 2.9\tex/latex/amsmath\amsopn.sty"
Package: amsopn 2016/03/08 v2.02 operator names
)
\inf@bad=\count181
LaTeX Info: Redefining \frac on input line 227.
\uproot@=\count182
\leftroot@=\count183
LaTeX Info: Redefining \overline on input line 389.
\classnum@=\count184
\DOTSCASE@=\count185
LaTeX Info: Redefining \ldots on input line 486.
LaTeX Info: Redefining \dots on input line 489.
LaTeX Info: Redefining \cdots on input line 610.
\Mathstrutbox@=\box47
\strutbox@=\box48
\big@size=\dimen151
LaTeX Font Info:    Redeclaring font encoding OML on input line 733.
LaTeX Font Info:    Redeclaring font encoding OMS on input line 734.
\macc@depth=\count186
\c@MaxMatrixCols=\count187
\dotsspace@=\muskip16
\c@parentequation=\count188
\dspbrk@lvl=\count189
\tag@help=\toks17
\row@=\count190
\column@=\count191
\maxfields@=\count192
\andhelp@=\toks18
\eqnshift@=\dimen152
\alignsep@=\dimen153
\tagshift@=\dimen154
\tagwidth@=\dimen155
\totwidth@=\dimen156
\lineht@=\dimen157
\@envbody=\toks19
\multlinegap=\skip52
\multlinetaggap=\skip53
\mathdisplay@stack=\toks20
LaTeX Info: Redefining \[ on input line 2859.
LaTeX Info: Redefining \] on input line 2860.
)
("C:\Program Files\MiKTeX 2.9\tex/latex/base\inputenc.sty"
Package: inputenc 2018/08/11 v1.3c Input encoding file
\inpenc@prehook=\toks21
\inpenc@posthook=\toks22
)
("C:\Program Files\MiKTeX 2.9\tex/latex/base\fontenc.sty"
Package: fontenc 2020/02/11 v2.0o Standard LaTeX package
)
("C:\Program Files\MiKTeX 2.9\tex/latex/hyperref\hyperref.sty"
Package: hyperref 2020/01/14 v7.00d Hypertext links for LaTeX

("C:\Program Files\MiKTeX 2.9\tex/generic/ltxcmds\ltxcmds.sty"
Package: ltxcmds 2019/12/15 v1.24 LaTeX kernel commands for general use (HO)
)
("C:\Program Files\MiKTeX 2.9\tex/generic/iftex\iftex.sty"
Package: iftex 2019/11/07 v1.0c TeX engine tests
)
("C:\Program Files\MiKTeX 2.9\tex/latex/pdftexcmds\pdftexcmds.sty"
Package: pdftexcmds 2019/11/24 v0.31 Utility functions of pdfTeX for LuaTeX (HO
)

("C:\Program Files\MiKTeX 2.9\tex/generic/infwarerr\infwarerr.sty"
Package: infwarerr 2019/12/03 v1.5 Providing info/warning/error messages (HO)
)
Package pdftexcmds Info: \pdf@primitive is available.
Package pdftexcmds Info: \pdf@ifprimitive is available.
Package pdftexcmds Info: \pdfdraftmode found.
)
("C:\Program Files\MiKTeX 2.9\tex/latex/graphics\keyval.sty"
Package: keyval 2014/10/28 v1.15 key=value parser (DPC)
\KV@toks@=\toks23
)
("C:\Program Files\MiKTeX 2.9\tex/generic/kvsetkeys\kvsetkeys.sty"
Package: kvsetkeys 2019/12/15 v1.18 Key value parser (HO)
)
("C:\Program Files\MiKTeX 2.9\tex/generic/kvdefinekeys\kvdefinekeys.sty"
Package: kvdefinekeys 2019-12-19 v1.6 Define keys (HO)
)
("C:\Program Files\MiKTeX 2.9\tex/generic/pdfescape\pdfescape.sty"
Package: pdfescape 2019/12/09 v1.15 Implements pdfTeX's escape features (HO)
)
("C:\Program Files\MiKTeX 2.9\tex/latex/hycolor\hycolor.sty"
Package: hycolor 2020-01-27 v1.10 Color options for hyperref/bookmark (HO)
)
("C:\Program Files\MiKTeX 2.9\tex/latex/letltxmacro\letltxmacro.sty"
Package: letltxmacro 2019/12/03 v1.6 Let assignment for LaTeX macros (HO)
)
("C:\Program Files\MiKTeX 2.9\tex/latex/auxhook\auxhook.sty"
Package: auxhook 2019-12-17 v1.6 Hooks for auxiliary files (HO)
)
("C:\Program Files\MiKTeX 2.9\tex/latex/kvoptions\kvoptions.sty"
Package: kvoptions 2019/11/29 v3.13 Key value format for package options (HO)
)
\@linkdim=\dimen158
\Hy@linkcounter=\count193
\Hy@pagecounter=\count194

("C:\Program Files\MiKTeX 2.9\tex/latex/hyperref\pd1enc.def"
File: pd1enc.def 2020/01/14 v7.00d Hyperref: PDFDocEncoding definition (HO)
Now handling font encoding PD1 ...
... no UTF-8 mapping file for font encoding PD1
)
("C:\Program Files\MiKTeX 2.9\tex/generic/intcalc\intcalc.sty"
Package: intcalc 2019/12/15 v1.3 Expandable calculations with integers (HO)
)
("C:\Program Files\MiKTeX 2.9\tex/generic/etexcmds\etexcmds.sty"
Package: etexcmds 2019/12/15 v1.7 Avoid name clashes with e-TeX commands (HO)
)
\Hy@SavedSpaceFactor=\count195
Package hyperref Info: Hyper figures OFF on input line 4547.
Package hyperref Info: Link nesting OFF on input line 4552.
Package hyperref Info: Hyper index ON on input line 4555.
Package hyperref Info: Plain pages OFF on input line 4562.
Package hyperref Info: Backreferencing OFF on input line 4567.
Package hyperref Info: Implicit mode ON; LaTeX internals redefined.
Package hyperref Info: Bookmarks ON on input line 4800.
\c@Hy@tempcnt=\count196

("C:\Program Files\MiKTeX 2.9\tex/latex/url\url.sty"
\Urlmuskip=\muskip17
Package: url 2013/09/16  ver 3.4  Verb mode for urls, etc.
)
LaTeX Info: Redefining \url on input line 5159.
\XeTeXLinkMargin=\dimen159

("C:\Program Files\MiKTeX 2.9\tex/generic/bitset\bitset.sty"
Package: bitset 2019/12/09 v1.3 Handle bit-vector datatype (HO)

("C:\Program Files\MiKTeX 2.9\tex/generic/bigintcalc\bigintcalc.sty"
Package: bigintcalc 2019/12/15 v1.5 Expandable calculations on big integers (HO
)
))
\Fld@menulength=\count197
\Field@Width=\dimen160
\Fld@charsize=\dimen161
Package hyperref Info: Hyper figures OFF on input line 6430.
Package hyperref Info: Link nesting OFF on input line 6435.
Package hyperref Info: Hyper index ON on input line 6438.
Package hyperref Info: backreferencing OFF on input line 6445.
Package hyperref Info: Link coloring OFF on input line 6450.
Package hyperref Info: Link coloring with OCG OFF on input line 6455.
Package hyperref Info: PDF/A mode OFF on input line 6460.
LaTeX Info: Redefining \ref on input line 6500.
LaTeX Info: Redefining \pageref on input line 6504.

("C:\Program Files\MiKTeX 2.9\tex/generic/atbegshi\atbegshi.sty"
Package: atbegshi 2019/12/05 v1.19 At begin shipout hook (HO)
)
\Hy@abspage=\count198
\c@Item=\count199
\c@Hfootnote=\count266
)
Package hyperref Info: Driver (autodetected): hpdftex.

("C:\Program Files\MiKTeX 2.9\tex/latex/hyperref\hpdftex.def"
File: hpdftex.def 2020/01/14 v7.00d Hyperref driver for pdfTeX

("C:\Program Files\MiKTeX 2.9\tex/latex/atveryend\atveryend.sty"
Package: atveryend 2019-12-11 v1.11 Hooks at the very end of document (HO)
Package atveryend Info: \enddocument detected (standard20110627).
)
\Fld@listcount=\count267
\c@bookmark@seq@number=\count268

("C:\Program Files\MiKTeX 2.9\tex/latex/rerunfilecheck\rerunfilecheck.sty"
Package: rerunfilecheck 2019/12/05 v1.9 Rerun checks for auxiliary files (HO)

("C:\Program Files\MiKTeX 2.9\tex/generic/uniquecounter\uniquecounter.sty"
Package: uniquecounter 2019/12/15 v1.4 Provide unlimited unique counter (HO)
)
Package uniquecounter Info: New unique counter `rerunfilecheck' on input line 2
86.
)
\Hy@SectionHShift=\skip54
)
("C:\Program Files\MiKTeX 2.9\tex/latex/geometry\geometry.sty"
Package: geometry 2020/01/02 v5.9 Page Geometry

("C:\Program Files\MiKTeX 2.9\tex/generic/iftex\ifvtex.sty"
Package: ifvtex 2019/10/25 v1.7 ifvtex legacy package. Use iftex instead.
)
\Gm@cnth=\count269
\Gm@cntv=\count270
\c@Gm@tempcnt=\count271
\Gm@bindingoffset=\dimen162
\Gm@wd@mp=\dimen163
\Gm@odd@mp=\dimen164
\Gm@even@mp=\dimen165
\Gm@layoutwidth=\dimen166
\Gm@layoutheight=\dimen167
\Gm@layouthoffset=\dimen168
\Gm@layoutvoffset=\dimen169
\Gm@dimlist=\toks24

("C:\Program Files\MiKTeX 2.9\tex/latex/geometry\geometry.cfg"))
("C:\Program Files\MiKTeX 2.9\tex/latex/base\textcomp.sty"
Package: textcomp 2020/02/02 v2.0n Standard LaTeX package
)
("C:\Program Files\MiKTeX 2.9\tex/latex/xcolor\xcolor.sty"
Package: xcolor 2016/05/11 v2.12 LaTeX color extensions (UK)

("C:\Program Files\MiKTeX 2.9\tex/latex/graphics-cfg\color.cfg"
File: color.cfg 2016/01/02 v1.6 sample color configuration
)
Package xcolor Info: Driver file: pdftex.def on input line 225.

("C:\Program Files\MiKTeX 2.9\tex/latex/graphics-def\pdftex.def"
File: pdftex.def 2018/01/08 v1.0l Graphics/color driver for pdftex
)
("C:\Program Files\MiKTeX 2.9\tex/latex/colortbl\colortbl.sty"
Package: colortbl 2020/01/04 v1.0e Color table columns (DPC)

("C:\Program Files\MiKTeX 2.9\tex/latex/tools\array.sty"
Package: array 2019/08/31 v2.4l Tabular extension package (FMi)
\col@sep=\dimen170
\ar@mcellbox=\box49
\extrarowheight=\dimen171
\NC@list=\toks25
\extratabsurround=\skip55
\backup@length=\skip56
\ar@cellbox=\box50
)
\everycr=\toks26
\minrowclearance=\skip57
)
\rownum=\count272
Package xcolor Info: Model `cmy' substituted by `cmy0' on input line 1348.
Package xcolor Info: Model `hsb' substituted by `rgb' on input line 1352.
Package xcolor Info: Model `RGB' extended on input line 1364.
Package xcolor Info: Model `HTML' substituted by `rgb' on input line 1366.
Package xcolor Info: Model `Hsb' substituted by `hsb' on input line 1367.
Package xcolor Info: Model `tHsb' substituted by `hsb' on input line 1368.
Package xcolor Info: Model `HSB' substituted by `hsb' on input line 1369.
Package xcolor Info: Model `Gray' substituted by `gray' on input line 1370.
Package xcolor Info: Model `wave' substituted by `hsb' on input line 1371.
)
Package hyperref Info: Option `colorlinks' set `true' on input line 22.

("C:\Program Files\MiKTeX 2.9\tex/latex/chngcntr\chngcntr.sty"
Package: chngcntr 2018/04/09 v1.1a change counter resetting
Package chngcntr Info: \counterwithout already defined.
(chngcntr)             Quitting chngcntr on input line 21.
)
("C:\Program Files\MiKTeX 2.9\tex/latex/graphics\graphicx.sty"
Package: graphicx 2019/11/30 v1.2a Enhanced LaTeX Graphics (DPC,SPQR)

("C:\Program Files\MiKTeX 2.9\tex/latex/graphics\graphics.sty"
Package: graphics 2019/11/30 v1.4a Standard LaTeX Graphics (DPC,SPQR)

("C:\Program Files\MiKTeX 2.9\tex/latex/graphics\trig.sty"
Package: trig 2016/01/03 v1.10 sin cos tan (DPC)
)
("C:\Program Files\MiKTeX 2.9\tex/latex/graphics-cfg\graphics.cfg"
File: graphics.cfg 2016/06/04 v1.11 sample graphics configuration
)
Package graphics Info: Driver file: pdftex.def on input line 105.
)
\Gin@req@height=\dimen172
\Gin@req@width=\dimen173
)
("C:\Program Files\MiKTeX 2.9\tex/latex/svg\svg.sty"
Package: svg 2020/01/13 v2.02e (include SVG pictures)

("C:\Program Files\MiKTeX 2.9\tex/latex/koma-script\scrbase.sty"
Package: scrbase 2020/01/24 v3.29 KOMA-Script package (KOMA-Script-independent 
basics and keyval usage)

("C:\Program Files\MiKTeX 2.9\tex/latex/koma-script\scrlfile.sty"
Package: scrlfile 2020/01/24 v3.29 KOMA-Script package (loading files)
))
("C:\Program Files\MiKTeX 2.9\tex/latex/tools\shellesc.sty"
Package: shellesc 2019/11/08 v1.0c unified shell escape interface for LaTeX
Package shellesc Info: Restricted shell escape enabled on input line 77.
)
("C:\Program Files\MiKTeX 2.9\tex/latex/trimspaces\trimspaces.sty"
Package: trimspaces 2009/09/17 v1.1 Trim spaces around a token list
)
\svg@box=\box51
\c@svg@param@lastpage=\count273
\c@svg@param@currpage=\count274
)
("C:\Program Files\MiKTeX 2.9\tex/latex/transparent\transparent.sty"
Package: transparent 2019/11/29 v1.4 Transparency via pdfTeX's color stack (HO)

)
("C:\Program Files\MiKTeX 2.9\tex/latex/l3backend\l3backend-pdfmode.def"
File: l3backend-pdfmode.def 2020-02-21 L3 backend support: PDF mode
\l__kernel_color_stack_int=\count275
\l__pdf_internal_box=\box52
)

LaTeX Warning: Unused global option(s):
    [12].

(main.aux)
\openout1 = `main.aux'.

LaTeX Font Info:    Checking defaults for OML/cmm/m/it on input line 39.
LaTeX Font Info:    ... okay on input line 39.
LaTeX Font Info:    Checking defaults for OMS/cmsy/m/n on input line 39.
LaTeX Font Info:    ... okay on input line 39.
LaTeX Font Info:    Checking defaults for OT1/cmr/m/n on input line 39.
LaTeX Font Info:    ... okay on input line 39.
LaTeX Font Info:    Checking defaults for T1/cmr/m/n on input line 39.
LaTeX Font Info:    ... okay on input line 39.
LaTeX Font Info:    Checking defaults for TS1/cmr/m/n on input line 39.
LaTeX Font Info:    ... okay on input line 39.
LaTeX Font Info:    Checking defaults for OMX/cmex/m/n on input line 39.
LaTeX Font Info:    ... okay on input line 39.
LaTeX Font Info:    Checking defaults for U/cmr/m/n on input line 39.
LaTeX Font Info:    ... okay on input line 39.
LaTeX Font Info:    Checking defaults for PD1/pdf/m/n on input line 39.
LaTeX Font Info:    ... okay on input line 39.
\symgns@font=\mathgroup4
LaTeX Font Info:    Overwriting symbol font `gns@font' in version `bold'
(Font)                  TS1/cmr/m/n --> TS1/cmr/b/n on input line 39.
Package gensymb Info: Math companion symbols declared on input line 39.
LaTeX Info: Redefining \degree on input line 39.
LaTeX Info: Redefining \celsius on input line 39.
Package gensymb Info: Using text companion symbols for \degree, \celsius and \p
erthousand on input line 39.
LaTeX Info: Redefining \ohm on input line 39.
Package gensymb Info: Using \textohm for \ohm on input line 39.
Package gensymb Info: Using \textmu for \micro on input line 39.
\AtBeginShipoutBox=\box53
Package hyperref Info: Link coloring ON on input line 39.
 ("C:\Program Files\MiKTeX 2.9\tex/latex/hyperref\nameref.sty"
Package: nameref 2019/09/16 v2.46 Cross-referencing by name of section

("C:\Program Files\MiKTeX 2.9\tex/latex/refcount\refcount.sty"
Package: refcount 2019/12/15 v3.6 Data extraction from label references (HO)
)
("C:\Program Files\MiKTeX 2.9\tex/generic/gettitlestring\gettitlestring.sty"
Package: gettitlestring 2019/12/15 v1.6 Cleanup title references (HO)
)
\c@section@level=\count276
)
LaTeX Info: Redefining \ref on input line 39.
LaTeX Info: Redefining \pageref on input line 39.
LaTeX Info: Redefining \nameref on input line 39.

(main.out) (main.out)
\@outlinefile=\write3
\openout3 = `main.out'.


*geometry* driver: auto-detecting
*geometry* detected driver: pdftex
*geometry* verbose mode - [ preamble ] result:
* driver: pdftex
* paper: <default>
* layout: <same size as paper>
* layoutoffset:(h,v)=(0.0pt,0.0pt)
* modes: 
* h-part:(L,W,R)=(92.14519pt, 430.00462pt, 92.14519pt)
* v-part:(T,H,B)=(95.39737pt, 556.47656pt, 143.09605pt)
* \paperwidth=614.295pt
* \paperheight=794.96999pt
* \textwidth=469.75499pt
* \textheight=614.295pt
* \oddsidemargin=18.06749pt
* \evensidemargin=-18.06749pt
* \topmargin=-43.36243pt
* \headheight=12.0pt
* \headsep=54.2025pt
* \topskip=10.0pt
* \footskip=30.0pt
* \marginparwidth=65.0pt
* \marginparsep=11.0pt
* \columnsep=10.0pt
* \skip\footins=9.0pt plus 4.0pt minus 2.0pt
* \hoffset=0.0pt
* \voffset=0.0pt
* \mag=1000
* \@twocolumnfalse
* \@twosidefalse
* \@mparswitchfalse
* \@reversemarginfalse
* (1in=72.27pt=25.4mm, 1cm=28.453pt)

("C:\Program Files\MiKTeX 2.9\tex/context/base/mkii\supp-pdf.mkii"
[Loading MPS to PDF converter (version 2006.09.02).]
\scratchcounter=\count277
\scratchdimen=\dimen174
\scratchbox=\box54
\nofMPsegments=\count278
\nofMParguments=\count279
\everyMPshowfont=\toks27
\MPscratchCnt=\count280
\MPscratchDim=\dimen175
\MPnumerator=\count281
\makeMPintoPDFobject=\count282
\everyMPtoPDFconversion=\toks28
) ("C:\Program Files\MiKTeX 2.9\tex/latex/epstopdf-pkg\epstopdf-base.sty"
Package: epstopdf-base 2020-01-24 v2.11 Base part for package epstopdf
Package epstopdf-base Info: Redefining graphics rule for `.eps' on input line 4
85.
)
(title.tex
<eelogo.png, id=75, 617.30624pt x 489.83pt>
File: eelogo.png Graphic file (type png)
<use eelogo.png>
Package pdftex.def Info: eelogo.png  used on input line 8.
(pdftex.def)             Requested size: 140.92792pt x 111.82141pt.
 [1

{C:/Users/DELL/AppData/Local/MiKTeX/2.9/pdftex/config/pdftex.map} <./eelogo.png
>]) (main.toc
! Misplaced alignment tab character &.
<argument> ...numberline {5.2}Analog Controllers &
                                                   Components}\hyper@linkend 
l.13 ...trollers & Components}{24}{subsection.5.2}
                                                  %
I can't figure out why you would want to use a tab mark
here. If you just want an ampersand, the remedy is
simple: Just type `I\&' now. But if some right brace
up above has ended a previous alignment prematurely,
you're probably due for more error messages, and you
might try typing `S' now just to see what is salvageable.

)
\tf@toc=\write4
\openout4 = `main.toc'.

pdfTeX warning (ext4): destination with the same identifier (name{page.1}) has 
been already used, duplicate ignored
<to be read again> 
                   \relax 
l.43 \newpage
              [1] (introduction.tex) ("Topology Selection.tex" [2])
("Flyback Converter Design.tex"
<flybacktop.png, id=118, 722.7pt x 429.40425pt>
File: flybacktop.png Graphic file (type png)
<use flybacktop.png>
Package pdftex.def Info: flybacktop.png  used on input line 5.
(pdftex.def)             Requested size: 281.85585pt x 167.46696pt.
 [3 <./flybacktop.png>]
<valleyswitch.png, id=128, 427.37741pt x 181.75545pt>
File: valleyswitch.png Graphic file (type png)
<use valleyswitch.png>
Package pdftex.def Info: valleyswitch.png  used on input line 15.
(pdftex.def)             Requested size: 281.85585pt x 119.86743pt.
<refdesign.jpg, id=130, 369.53151pt x 249.53604pt>
File: refdesign.jpg Graphic file (type jpg)
<use refdesign.jpg>
Package pdftex.def Info: refdesign.jpg  used on input line 25.
(pdftex.def)             Requested size: 281.85585pt x 190.34613pt.

! Misplaced \noalign.
\hline ->\noalign 
                  {\ifnum 0=`}\fi \let \hskip \vskip \let \vrule \hrule \let...
l.48      \hline
                
I expect to see \noalign only after the \cr of
an alignment. Proceed, and I'll ignore this case.

! You can't use `\hrule' here except with leaders.
\vline ->\vrule 
                \@width \arrayrulewidth 
l.48      \hline
                
To put a horizontal rule in an hbox or an alignment,
you should use \leaders or \hrulefill (see The TeXbook).

! Missing number, treated as zero.
<to be read again> 
                   }
l.48      \hline
                
A number should have been here; I inserted `0'.
(If you can't figure out why I needed to see a number,
look up `weird error' in the index to The TeXbook.)

! Illegal unit of measure (pt inserted).
<to be read again> 
                   }
l.48      \hline
                
Dimensions can be in units of em, ex, in, pt, pc,
cm, mm, dd, cc, nd, nc, bp, or sp; but yours is a new one!
I'll assume that you meant to say pt, for printer's points.
To recover gracefully from this error, it's best to
delete the erroneous units; e.g., type `2' to delete
two letters. (See Chapter 27 of The TeXbook.)

[4 <./valleyswitch.png> <./refdesign.jpg>] [5] [6]) ("Simulation Results.tex"
[7]
<schematic.png, id=174, 998.22937pt x 424.58624pt>
File: schematic.png Graphic file (type png)
<use schematic.png>
Package pdftex.def Info: schematic.png  used on input line 12.
(pdftex.def)             Requested size: 469.75499pt x 199.80174pt.


Package hyperref Warning: Token not allowed in a PDF string (PDFDocEncoding):
(hyperref)                removing `math shift' on input line 18.


Package hyperref Warning: Token not allowed in a PDF string (PDFDocEncoding):
(hyperref)                removing `subscript' on input line 18.


Package hyperref Warning: Token not allowed in a PDF string (PDFDocEncoding):
(hyperref)                removing `\leavevmode@ifvmode' on input line 18.


Package hyperref Warning: Token not allowed in a PDF string (PDFDocEncoding):
(hyperref)                \kern 2.77626pt
(hyperref)                removed on input line 18.


Package hyperref Warning: Token not allowed in a PDF string (PDFDocEncoding):
(hyperref)                removing `math shift' on input line 18.

<input_current_24.jpg, id=176, 627.34375pt x 468.75125pt>
File: input_current_24.jpg Graphic file (type jpg)
<use input_current_24.jpg>
Package pdftex.def Info: input_current_24.jpg  used on input line 30.
(pdftex.def)             Requested size: 469.75499pt x 351.01181pt.
[8 <./schematic.png>]
<MOSFET_curr_volt_24.jpg, id=188, 659.46375pt x 494.84875pt>
File: MOSFET_curr_volt_24.jpg Graphic file (type jpg)
<use MOSFET_curr_volt_24.jpg>
Package pdftex.def Info: MOSFET_curr_volt_24.jpg  used on input line 42.
(pdftex.def)             Requested size: 469.75499pt x 352.50789pt.
 [9 <./input_current_24.jpg>]
<inductor_volt_curr_24.jpg, id=196, 612.2875pt x 419.5675pt>
File: inductor_volt_curr_24.jpg Graphic file (type jpg)
<use inductor_volt_curr_24.jpg>
Package pdftex.def Info: inductor_volt_curr_24.jpg  used on input line 54.
(pdftex.def)             Requested size: 469.75499pt x 321.89638pt.
 [10 <./MOSFET_curr_volt_24.jpg>]
<diode_curr_volt_24.jpg, id=205, 580.1675pt x 482.80376pt>
File: diode_curr_volt_24.jpg Graphic file (type jpg)
<use diode_curr_volt_24.jpg>
Package pdftex.def Info: diode_curr_volt_24.jpg  used on input line 70.
(pdftex.def)             Requested size: 469.75499pt x 390.92157pt.
 [11 <./inductor_volt_curr_24.jpg>]

LaTeX Warning: Reference `sec24' on page 12 undefined on input line 76.

<secondary_voltage_24.jpg, id=211, 622.325pt x 420.57124pt>
File: secondary_voltage_24.jpg Graphic file (type jpg)
<use secondary_voltage_24.jpg>
Package pdftex.def Info: secondary_voltage_24.jpg  used on input line 80.
(pdftex.def)             Requested size: 469.75499pt x 317.46838pt.
[12 <./diode_curr_volt_24.jpg>]
<output_current_24.jpg, id=218, 565.11125pt x 391.4625pt>
File: output_current_24.jpg Graphic file (type jpg)
<use output_current_24.jpg>
Package pdftex.def Info: output_current_24.jpg  used on input line 92.
(pdftex.def)             Requested size: 469.75499pt x 325.41553pt.
 [13 <./secondary_voltage_24.jpg>]
<output_voltage_24.jpg, id=226, 653.44125pt x 475.7775pt>
File: output_voltage_24.jpg Graphic file (type jpg)
<use output_voltage_24.jpg>
Package pdftex.def Info: output_voltage_24.jpg  used on input line 104.
(pdftex.def)             Requested size: 469.75499pt x 342.02956pt.
 [14 <./output_current_24.jpg>]

Package hyperref Warning: Token not allowed in a PDF string (PDFDocEncoding):
(hyperref)                removing `math shift' on input line 112.


Package hyperref Warning: Token not allowed in a PDF string (PDFDocEncoding):
(hyperref)                removing `subscript' on input line 112.


Package hyperref Warning: Token not allowed in a PDF string (PDFDocEncoding):
(hyperref)                removing `\leavevmode@ifvmode' on input line 112.


Package hyperref Warning: Token not allowed in a PDF string (PDFDocEncoding):
(hyperref)                \kern 2.77626pt
(hyperref)                removed on input line 112.


Package hyperref Warning: Token not allowed in a PDF string (PDFDocEncoding):
(hyperref)                removing `math shift' on input line 112.

<input_current_48.jpg, id=234, 597.23125pt x 399.4925pt>
File: input_current_48.jpg Graphic file (type jpg)
<use input_current_48.jpg>
Package pdftex.def Info: input_current_48.jpg  used on input line 122.
(pdftex.def)             Requested size: 469.75499pt x 314.22406pt.
[15 <./output_voltage_24.jpg>]
<MOSFET_curr_volt_48.jpg, id=242, 603.25375pt x 408.52625pt>
File: MOSFET_curr_volt_48.jpg Graphic file (type jpg)
<use MOSFET_curr_volt_48.jpg>
Package pdftex.def Info: MOSFET_curr_volt_48.jpg  used on input line 134.
(pdftex.def)             Requested size: 469.75499pt x 318.11934pt.
 [16 <./input_current_48.jpg>]
<inductor_curr_volt_48.jpg, id=251, 636.3775pt x 436.63126pt>
File: inductor_curr_volt_48.jpg Graphic file (type jpg)
<use inductor_curr_volt_48.jpg>
Package pdftex.def Info: inductor_curr_volt_48.jpg  used on input line 148.
(pdftex.def)             Requested size: 469.75499pt x 322.30257pt.
 [17 <./MOSFET_curr_volt_48.jpg>]
<diode_curr_volt_48.jpg, id=259, 584.1825pt x 356.33125pt>
File: diode_curr_volt_48.jpg Graphic file (type jpg)
<use diode_curr_volt_48.jpg>
Package pdftex.def Info: diode_curr_volt_48.jpg  used on input line 164.
(pdftex.def)             Requested size: 469.75499pt x 286.54428pt.
 [18 <./inductor_curr_volt_48.jpg>]

LaTeX Warning: Reference `sec48' on page 19 undefined on input line 172.

<secondary_voltage_48.jpg, id=267, 705.63625pt x 420.57124pt>
File: secondary_voltage_48.jpg Graphic file (type jpg)
<use secondary_voltage_48.jpg>
Package pdftex.def Info: secondary_voltage_48.jpg  used on input line 176.
(pdftex.def)             Requested size: 469.75499pt x 279.9844pt.
[19 <./diode_curr_volt_48.jpg>]
<output_current_48.jpg, id=273, 681.54625pt x 423.5825pt>
File: output_current_48.jpg Graphic file (type jpg)
<use output_current_48.jpg>
Package pdftex.def Info: output_current_48.jpg  used on input line 191.
(pdftex.def)             Requested size: 469.75499pt x 291.95554pt.
 [20 <./secondary_voltage_48.jpg>]
<output_voltage_48.jpg, id=282, 557.08125pt x 381.425pt>
File: output_voltage_48.jpg Graphic file (type jpg)
<use output_voltage_48.jpg>
Package pdftex.def Info: output_voltage_48.jpg  used on input line 204.
(pdftex.def)             Requested size: 469.75499pt x 321.6403pt.
 [21 <./output_current_48.jpg>]) ("Component Selection.tex"
<core.png, id=290, 583.42969pt x 235.63031pt>
File: core.png Graphic file (type png)
<use core.png>
Package pdftex.def Info: core.png  used on input line 7.
(pdftex.def)             Requested size: 469.75499pt x 189.72694pt.
 [22 <./output_voltage_48.jpg>]
<area vs.png, id=298, 561.59813pt x 86.57344pt>
File: area vs.png Graphic file (type png)
<use area vs.png>
Package pdftex.def Info: area vs.png  used on input line 26.
(pdftex.def)             Requested size: 469.75499pt x 72.4147pt.
<permeability.png, id=299, 557.08125pt x 169.38281pt>
File: permeability.png Graphic file (type png)
<use permeability.png>
Package pdftex.def Info: permeability.png  used on input line 32.
(pdftex.def)             Requested size: 469.75499pt x 142.83368pt.

[23 <./core.png> <./area vs.png>]
! Misplaced alignment tab character &.
<argument> Analog Controllers &
                                Components
l.36 \subsection{Analog Controllers & Components}
                                                 
I can't figure out why you would want to use a tab mark
here. If you just want an ampersand, the remedy is
simple: Just type `I\&' now. But if some right brace
up above has ended a previous alignment prematurely,
you're probably due for more error messages, and you
might try typing `S' now just to see what is salvageable.


Package hyperref Warning: Token not allowed in a PDF string (PDFDocEncoding):
(hyperref)                removing `alignment tab' on input line 36.

<refdesign2.jpg, id=311, 580.88718pt x 271.3534pt>
File: refdesign2.jpg Graphic file (type jpg)
<use refdesign2.jpg>
Package pdftex.def Info: refdesign2.jpg  used on input line 45.
(pdftex.def)             Requested size: 281.85585pt x 131.6642pt.
[24 <./permeability.png> <./refdesign2.jpg>]
! Missing $ inserted.
<inserted text> 
                $
l.64 ..., skin depth of copper cable is 1.67\times
                                                   $10^{-4}$ cm. There is ma...
I've inserted a begin-math/end-math symbol since I think
you left one out. Proceed, with fingers crossed.

! Missing $ inserted.
<inserted text> 
                $
l.64 ...n depth of copper cable is 1.67\times $10^
                                                  {-4}$ cm. There is maximum...
I've inserted a begin-math/end-math symbol since I think
you left one out. Proceed, with fingers crossed.

! You can't use `macro parameter character #' in horizontal mode.
l.64 ...ere, AWG of the cable must be lower than #
                                                  25 AWG. To avoid unexpecte...
Sorry, but I'm not programmed to handle this case;
I'll just pretend that you didn't ask for it.
If you're in the wrong mode, you might be able to
return to the right one by typing `I}' or `I$' or `I\par'.

! You can't use `macro parameter character #' in horizontal mode.
l.64 ...avoid unexpected damages to our circuit, #
                                                  20 AWG copper cable will b...
Sorry, but I'm not programmed to handle this case;
I'll just pretend that you didn't ask for it.
If you're in the wrong mode, you might be able to
return to the right one by typing `I}' or `I$' or `I\par'.

[25] [26]) (Conclusion.tex [27])
Package atveryend Info: Empty hook `BeforeClearDocument' on input line 52.
 [28]
Package atveryend Info: Empty hook `AfterLastShipout' on input line 52.
 (main.aux)
Package atveryend Info: Executing hook `AtVeryEndDocument' on input line 52.
Package atveryend Info: Executing hook `AtEndAfterFileList' on input line 52.
Package rerunfilecheck Info: File `main.out' has not changed.
(rerunfilecheck)             Checksum: BE6EF54568932257CA3CC9BCF71CBFF7;1191.


LaTeX Warning: There were undefined references.

Package atveryend Info: Empty hook `AtVeryVeryEnd' on input line 52.
 ) 
Here is how much of TeX's memory you used:
 8320 strings out of 481507
 125923 string characters out of 2921823
 427272 words of memory out of 3000000
 23289 multiletter control sequences out of 15000+200000
 546416 words of font info for 55 fonts, out of 3000000 for 9000
 1141 hyphenation exceptions out of 8191
 34i,12n,46p,2843b,340s stack positions out of 5000i,500n,10000p,200000b,50000s
{C:/Program Files/MiKTeX 2.9/fonts/enc/dvips/cm-super/cm-super-ts1.enc}{C:/Pr
ogram Files/MiKTeX 2.9/fonts/enc/dvips/cm-super/cm-super-t1.enc}<C:/Program Fil
es/MiKTeX 2.9/fonts/type1/public/amsfonts/cm/cmex10.pfb><C:/Program Files/MiKTe
X 2.9/fonts/type1/public/amsfonts/cm/cmmi10.pfb><C:/Program Files/MiKTeX 2.9/fo
nts/type1/public/amsfonts/cm/cmmi12.pfb><C:/Program Files/MiKTeX 2.9/fonts/type
1/public/amsfonts/cm/cmmi5.pfb><C:/Program Files/MiKTeX 2.9/fonts/type1/public/
amsfonts/cm/cmmi7.pfb><C:/Program Files/MiKTeX 2.9/fonts/type1/public/amsfonts/
cm/cmmi8.pfb><C:/Program Files/MiKTeX 2.9/fonts/type1/public/amsfonts/cm/cmr10.
pfb><C:/Program Files/MiKTeX 2.9/fonts/type1/public/amsfonts/cm/cmr12.pfb><C:/P
rogram Files/MiKTeX 2.9/fonts/type1/public/amsfonts/cm/cmr5.pfb><C:/Program Fil
es/MiKTeX 2.9/fonts/type1/public/amsfonts/cm/cmr7.pfb><C:/Program Files/MiKTeX 
2.9/fonts/type1/public/amsfonts/cm/cmsy10.pfb><C:/Program Files/MiKTeX 2.9/font
s/type1/public/amsfonts/cm/cmsy5.pfb><C:/Program Files/MiKTeX 2.9/fonts/type1/p
ublic/amsfonts/cm/cmsy7.pfb><C:/Program Files/MiKTeX 2.9/fonts/type1/public/cm-
super/sfbx1000.pfb><C:/Program Files/MiKTeX 2.9/fonts/type1/public/cm-super/sfb
x1200.pfb><C:/Program Files/MiKTeX 2.9/fonts/type1/public/cm-super/sfbx1440.pfb
><C:/Program Files/MiKTeX 2.9/fonts/type1/public/cm-super/sfcc1200.pfb><C:/Prog
ram Files/MiKTeX 2.9/fonts/type1/public/cm-super/sfcc1440.pfb><C:/Program Files
/MiKTeX 2.9/fonts/type1/public/cm-super/sfrm1000.pfb><C:/Program Files/MiKTeX 2
.9/fonts/type1/public/cm-super/sfrm1200.pfb><C:/Program Files/MiKTeX 2.9/fonts/
type1/public/cm-super/sfrm1728.pfb><C:/Program Files/MiKTeX 2.9/fonts/type1/pub
lic/cm-super/sfrm2488.pfb>
Output written on main.pdf (29 pages, 1306629 bytes).
PDF statistics:
 432 PDF objects out of 1000 (max. 8388607)
 90 named destinations out of 1000 (max. 500000)
 260 words of extra memory for PDF output out of 10000 (max. 10000000)

